<?xml version="1.0" encoding="UTF-8"?>
<testsuites name="Mocha Tests" time="2.249" tests="1" failures="0">
  <testsuite name="Root Suite" timestamp="2023-02-14T08:34:20" tests="0" file="cypress\e2e\secondTest.spec.js" time="0.000" failures="0">
  </testsuite>
  <testsuite name="Test log out" timestamp="2023-02-14T08:34:20" tests="1" time="2.226" failures="0">
    <testcase name="Test log out verify we can log out successfully" time="2.217" classname="verify we can log out successfully">
    </testcase>
  </testsuite>
</testsuites>